<testsuites>
  <testsuite name="Testcase_demo2_desktop_FlaUI_BDD.dll" tests="2" skipped="0" failures="1" errors="0" time="29.5107269" timestamp="2026-06-05T11:33:18" hostname="BAOGO-F16" id="0" package="Testcase_demo2_desktop_FlaUI_BDD.dll">
    <properties />
    <testcase classname="Testcase_demo2_desktop_FlaUI_BDD.Features" name="Demo2桌面應用程式測試Feature.TC01_ImportJSON至Test_Data" time="23.4267080">
      <failure type="failure" message="System.InvalidOperationException : File open dialog not found">at Demo2DesktopTests.PageObjects.FileDialogPage.OpenFile(String fullPath, Int32 timeoutMs) in C:\Users\BaoGo\Documents\ClaudeCode_Project\SQA_AI_Automation\demo2_desktop_app\Automation_testcase\Project_FlaUIBDD\Testcase_demo2_desktop_FlaUI_BDD\PageObjects\FileDialogPage.cs:line 32
   at Demo2DesktopTests.StepDefinitions.Demo2DesktopSteps.When我在檔案對話框選擇樣本Json() in C:\Users\BaoGo\Documents\ClaudeCode_Project\SQA_AI_Automation\demo2_desktop_app\Automation_testcase\Project_FlaUIBDD\Testcase_demo2_desktop_FlaUI_BDD\StepDefinitions\Demo2DesktopSteps.cs:line 74
   at InvokeStub_Action`1.Invoke(Object, Span`1)
   at System.Reflection.MethodBaseInvoker.InvokeWithOneArg(Object obj, BindingFlags invokeAttr, Binder binder, Object[] parameters, CultureInfo culture)
   at TechTalk.SpecFlow.Bindings.BindingInvoker.InvokeBinding(IBinding binding, IContextManager contextManager, Object[] arguments, ITestTracer testTracer, TimeSpan&amp; duration)
   at TechTalk.SpecFlow.Infrastructure.TestExecutionEngine.ExecuteStepMatch(BindingMatch match, Object[] arguments, TimeSpan&amp; duration)
   at TechTalk.SpecFlow.Infrastructure.TestExecutionEngine.ExecuteStep(IContextManager contextManager, StepInstance stepInstance)
   at TechTalk.SpecFlow.Infrastructure.TestExecutionEngine.OnAfterLastStep()
   at TechTalk.SpecFlow.TestRunner.CollectScenarioErrors()
   at Testcase_demo2_desktop_FlaUI_BDD.Features.Demo2桌面應用程式測試Feature.ScenarioCleanup()
   at Testcase_demo2_desktop_FlaUI_BDD.Features.Demo2桌面應用程式測試Feature.TC01_ImportJSON至Test_Data() in C:\Users\BaoGo\Documents\ClaudeCode_Project\SQA_AI_Automation\demo2_desktop_app\Automation_testcase\Project_FlaUIBDD\Testcase_demo2_desktop_FlaUI_BDD\Features\Demo2Desktop.feature:line 14
   at System.RuntimeMethodHandle.InvokeMethod(Object target, Void** arguments, Signature sig, Boolean isConstructor)
   at System.Reflection.MethodBaseInvoker.InvokeWithNoArgs(Object obj, BindingFlags invokeAttr)</failure>
      <system-out><![CDATA[-> duration: TestHooks.BeforeScenario(): 2.7s
Given 測試資料已就緒
-> done: Demo2DesktopSteps.Given測試資料已就緒() (0.0s)
And 應用程式已重新啟動
-> duration: Demo2DesktopSteps.Given應用程式已重新啟動(): 4.2s
-> done: Demo2DesktopSteps.Given應用程式已重新啟動() (4.2s)
When 我點擊工具列「Import JSON」
-> duration: Demo2DesktopSteps.When我點擊工具列("Import JSON"): 1.7s
-> done: Demo2DesktopSteps.When我點擊工具列("Import JSON") (1.7s)
And 我在檔案對話框選擇樣本 TestType_Defect.json
-> error: File open dialog not found (12.4s)
Then Test_data 應存在 TestType_Defect.json
-> skipped because of previous errors
And 資料表應可見
-> skipped because of previous errors
And 日誌區應包含「Import JSON」
-> skipped because of previous errors
-> duration: Scenario: TC01 - Import JSON 至 Test_data: 21.8s
截圖已儲存: C:\Users\BaoGo\Documents\ClaudeCode_Project\SQA_AI_Automation\demo2_desktop_app\Automation_testcase\Project_FlaUIBDD\Testcase_demo2_desktop_FlaUI_BDD\bin\Release\net8.0-windows\Screenshots\TC01 - Import JSON 至 Test_data_20260605_193347.png
-> duration: TestHooks.AfterScenario(): 1.6s

]]></system-out>
    </testcase>
    <testcase classname="Testcase_demo2_desktop_FlaUI_BDD.Features" name="Demo2桌面應用程式測試Feature.TC02_FileTree顯示Test_Data" time="6.0840189">
      <system-out><![CDATA[-> duration: TestHooks.BeforeScenario(): 2.6s
Given 測試資料已就緒
-> done: Demo2DesktopSteps.Given測試資料已就緒() (0.0s)
And 應用程式已啟動
-> duration: Demo2DesktopSteps.Given應用程式已啟動(): 1.0s
-> done: Demo2DesktopSteps.Given應用程式已啟動() (1.0s)
Then 主視窗標題應為「Demo2 Desktop App」
-> done: Demo2DesktopSteps.Then主視窗標題應為("Demo2 Desktop App") (0.0s)
And 檔案樹應可見
-> done: Demo2DesktopSteps.Then檔案樹應可見() (0.0s)
And Test_data 應存在 X.xlsx
-> No matching step definition found for the step. Use the following code to create one:
        [Then(@"Test_data 應存在 X\.xlsx")]
        public void ThenTest_Data應存在X_Xlsx()
        {
            _scenarioContext.Pending();
        }

-> duration: Scenario: TC02 - File Tree 顯示 Test_data: 4.4s
-> duration: TestHooks.AfterScenario(): 1.7s

No matching step definition found for one or more steps.
using System;
using TechTalk.SpecFlow;

namespace MyNamespace
{
    [Binding]
    public class StepDefinitions
    {
        private readonly ScenarioContext _scenarioContext;

        public StepDefinitions(ScenarioContext scenarioContext)
        {
            _scenarioContext = scenarioContext;
        }
        [Then(@"Test_data 應存在 X\.xlsx")]
        public void ThenTest_Data應存在X_Xlsx()
        {
            _scenarioContext.Pending();
        }
    }
}

]]></system-out>
    </testcase>
    <system-out>
Test Framework Informational Messages:
NUnit Adapter 5.0.0.0: Test execution started
Running selected tests in C:\Users\BaoGo\Documents\ClaudeCode_Project\SQA_AI_Automation\demo2_desktop_app\Automation_testcase\Project_FlaUIBDD\Testcase_demo2_desktop_FlaUI_BDD\bin\Release\net8.0-windows\Testcase_demo2_desktop_FlaUI_BDD.dll
   NUnit3TestExecutor discovered 2 of 2 NUnit test cases using Current Discovery mode, Non-Explicit run
-&gt; duration: TestHooks.BeforeScenario(): 2.7s
Given 測試資料已就緒
-&gt; done: Demo2DesktopSteps.Given測試資料已就緒() (0.0s)
And 應用程式已重新啟動
-&gt; duration: Demo2DesktopSteps.Given應用程式已重新啟動(): 4.2s
-&gt; done: Demo2DesktopSteps.Given應用程式已重新啟動() (4.2s)
When 我點擊工具列「Import JSON」
-&gt; duration: Demo2DesktopSteps.When我點擊工具列("Import JSON"): 1.7s
-&gt; done: Demo2DesktopSteps.When我點擊工具列("Import JSON") (1.7s)
And 我在檔案對話框選擇樣本 TestType_Defect.json
-&gt; error: File open dialog not found (12.4s)
Then Test_data 應存在 TestType_Defect.json
-&gt; skipped because of previous errors
And 資料表應可見
-&gt; skipped because of previous errors
And 日誌區應包含「Import JSON」
-&gt; skipped because of previous errors
-&gt; duration: Scenario: TC01 - Import JSON 至 Test_data: 21.8s
截圖已儲存: C:\Users\BaoGo\Documents\ClaudeCode_Project\SQA_AI_Automation\demo2_desktop_app\Automation_testcase\Project_FlaUIBDD\Testcase_demo2_desktop_FlaUI_BDD\bin\Release\net8.0-windows\Screenshots\TC01 - Import JSON 至 Test_data_20260605_193347.png
-&gt; duration: TestHooks.AfterScenario(): 1.6s

-&gt; duration: TestHooks.BeforeScenario(): 2.6s
Given 測試資料已就緒
-&gt; done: Demo2DesktopSteps.Given測試資料已就緒() (0.0s)
And 應用程式已啟動
-&gt; duration: Demo2DesktopSteps.Given應用程式已啟動(): 1.0s
-&gt; done: Demo2DesktopSteps.Given應用程式已啟動() (1.0s)
Then 主視窗標題應為「Demo2 Desktop App」
-&gt; done: Demo2DesktopSteps.Then主視窗標題應為("Demo2 Desktop App") (0.0s)
And 檔案樹應可見
-&gt; done: Demo2DesktopSteps.Then檔案樹應可見() (0.0s)
And Test_data 應存在 X.xlsx
-&gt; No matching step definition found for the step. Use the following code to create one:
        [Then(@"Test_data 應存在 X\.xlsx")]
        public void ThenTest_Data應存在X_Xlsx()
        {
            _scenarioContext.Pending();
        }

-&gt; duration: Scenario: TC02 - File Tree 顯示 Test_data: 4.4s
-&gt; duration: TestHooks.AfterScenario(): 1.7s

TC02_FileTree顯示Test_Data: No matching step definition found for one or more steps.
using System;
using TechTalk.SpecFlow;

namespace MyNamespace
{
    [Binding]
    public class StepDefinitions
    {
        private readonly ScenarioContext _scenarioContext;

        public StepDefinitions(ScenarioContext scenarioContext)
        {
            _scenarioContext = scenarioContext;
        }
        [Then(@"Test_data 應存在 X\.xlsx")]
        public void ThenTest_Data應存在X_Xlsx()
        {
            _scenarioContext.Pending();
        }
    }
}

NUnit Adapter 5.0.0.0: Test execution complete
</system-out>
    <system-err></system-err>
  </testsuite>
</testsuites>